<?xml version="1.0" encoding="UTF-8"?>
<!-- Generated by org.testng.reporters.JUnitXMLReporter -->
<testsuite ignored="0" hostname="Praveenkumars-MacBook-Pro.local" failures="0" tests="5" name="Command line test" time="41.52" errors="0" timestamp="2023-06-15T12:46:30 IST">
  <testcase classname="io.cucumber.testng.AbstractTestNGCucumberTests" name="runScenario" time="15.963"/>
  <testcase classname="endToEndTest" name="addToCartAndCheckout" time="4.063"/>
  <testcase classname="endToEndTest" name="addToCartAndCheckout" time="4.289"/>
  <testcase classname="endToEndTest" name="OrderHistoryTest" time="0.685"/>
  <testcase classname="errorTest" name="validateWrongproduct" time="3.373"/>
</testsuite> <!-- Command line test -->
