<?xml version="1.0" encoding="UTF-8"?>
<testng-results ignored="0" total="5" passed="5" failed="0" skipped="0">
  <reporter-output>
  </reporter-output>
  <suite started-at="2023-06-15T12:45:48 IST" name="Command line suite" finished-at="2023-06-15T12:46:29 IST" duration-ms="41520">
    <groups>
      <group name="negativeCases">
        <method signature="errorTest.validateWrongproduct()[pri:0, instance:errorTest@2e222612]" name="validateWrongproduct" class="errorTest"/>
      </group> <!-- negativeCases -->
      <group name="Purchase">
        <method signature="endToEndTest.addToCartAndCheckout(java.util.HashMap)[pri:0, instance:endToEndTest@3246fb96]" name="addToCartAndCheckout" class="endToEndTest"/>
      </group> <!-- Purchase -->
      <group name="cucumber">
        <method signature="AbstractTestNGCucumberTests.runScenario(io.cucumber.testng.PickleWrapper,io.cucumber.testng.FeatureWrapper)[pri:0, instance:cucumber.TestNgCucumberTestRunner@6a6afff2]" name="runScenario" class="io.cucumber.testng.AbstractTestNGCucumberTests"/>
      </group> <!-- cucumber -->
    </groups>
    <test started-at="2023-06-15T12:45:48 IST" name="Command line test" finished-at="2023-06-15T12:46:29 IST" duration-ms="41520">
      <class name="endToEndTest">
        <test-method is-config="true" signature="launchApplication()[pri:0, instance:endToEndTest@3246fb96]" started-at="2023-06-15T12:46:05 IST" name="launchApplication" finished-at="2023-06-15T12:46:08 IST" duration-ms="3353" status="PASS">
          <reporter-output>
          </reporter-output>
        </test-method> <!-- launchApplication -->
        <test-method signature="addToCartAndCheckout(java.util.HashMap)[pri:0, instance:endToEndTest@3246fb96]" started-at="2023-06-15T12:46:08 IST" name="addToCartAndCheckout" data-provider="getData" finished-at="2023-06-15T12:46:12 IST" duration-ms="4063" status="PASS">
          <params>
            <param index="0">
              <value>
                <![CDATA[{password=Guruji6@, product=ZARA COAT 3, email=appledasare@gmail.com}]]>
              </value>
            </param>
          </params>
          <reporter-output>
          </reporter-output>
        </test-method> <!-- addToCartAndCheckout -->
        <test-method is-config="true" signature="tearDown()[pri:0, instance:endToEndTest@3246fb96]" started-at="2023-06-15T12:46:12 IST" name="tearDown" finished-at="2023-06-15T12:46:12 IST" duration-ms="226" status="PASS">
          <reporter-output>
          </reporter-output>
        </test-method> <!-- tearDown -->
        <test-method is-config="true" signature="launchApplication()[pri:0, instance:endToEndTest@3246fb96]" started-at="2023-06-15T12:46:12 IST" name="launchApplication" finished-at="2023-06-15T12:46:16 IST" duration-ms="3491" status="PASS">
          <reporter-output>
          </reporter-output>
        </test-method> <!-- launchApplication -->
        <test-method signature="addToCartAndCheckout(java.util.HashMap)[pri:0, instance:endToEndTest@3246fb96]" started-at="2023-06-15T12:46:16 IST" name="addToCartAndCheckout" data-provider="getData" finished-at="2023-06-15T12:46:20 IST" duration-ms="4289" status="PASS">
          <params>
            <param index="0">
              <value>
                <![CDATA[{password=Iamking@000, product=ADIDAS ORIGINAL, email=anshika@gmail.com}]]>
              </value>
            </param>
          </params>
          <reporter-output>
          </reporter-output>
        </test-method> <!-- addToCartAndCheckout -->
        <test-method is-config="true" signature="tearDown()[pri:0, instance:endToEndTest@3246fb96]" started-at="2023-06-15T12:46:20 IST" name="tearDown" finished-at="2023-06-15T12:46:20 IST" duration-ms="176" status="PASS">
          <reporter-output>
          </reporter-output>
        </test-method> <!-- tearDown -->
        <test-method is-config="true" signature="launchApplication()[pri:0, instance:endToEndTest@3246fb96]" started-at="2023-06-15T12:46:20 IST" name="launchApplication" finished-at="2023-06-15T12:46:23 IST" duration-ms="2341" status="PASS">
          <reporter-output>
          </reporter-output>
        </test-method> <!-- launchApplication -->
        <test-method signature="OrderHistoryTest()[pri:0, instance:endToEndTest@3246fb96]" started-at="2023-06-15T12:46:23 IST" name="OrderHistoryTest" finished-at="2023-06-15T12:46:23 IST" depends-on-methods="endToEndTest.addToCartAndCheckout" duration-ms="685" status="PASS">
          <reporter-output>
          </reporter-output>
        </test-method> <!-- OrderHistoryTest -->
        <test-method is-config="true" signature="tearDown()[pri:0, instance:endToEndTest@3246fb96]" started-at="2023-06-15T12:46:23 IST" name="tearDown" finished-at="2023-06-15T12:46:24 IST" duration-ms="173" status="PASS">
          <reporter-output>
          </reporter-output>
        </test-method> <!-- tearDown -->
      </class> <!-- endToEndTest -->
      <class name="cucumber.TestNgCucumberTestRunner">
        <test-method is-config="true" signature="setUpClass(org.testng.ITestContext)[pri:0, instance:cucumber.TestNgCucumberTestRunner@6a6afff2]" started-at="2023-06-15T12:45:48 IST" name="setUpClass" finished-at="2023-06-15T12:45:48 IST" duration-ms="506" status="PASS">
          <params>
            <param index="0">
              <value>
                <![CDATA[org.testng.TestRunner@4e85dcb2]]>
              </value>
            </param>
          </params>
          <reporter-output>
          </reporter-output>
        </test-method> <!-- setUpClass -->
        <test-method signature="runScenario(io.cucumber.testng.PickleWrapper,io.cucumber.testng.FeatureWrapper)[pri:0, instance:cucumber.TestNgCucumberTestRunner@6a6afff2]" started-at="2023-06-15T12:45:48 IST" name="runScenario" description="Runs Cucumber Scenarios" data-provider="scenarios" finished-at="2023-06-15T12:46:04 IST" duration-ms="15963" status="PASS">
          <params>
            <param index="0">
              <value>
                <![CDATA["Postive flow of submiting end - end flow"]]>
              </value>
            </param>
            <param index="1">
              <value>
                <![CDATA["Purchase the order for E-Commerce Website"]]>
              </value>
            </param>
          </params>
          <reporter-output>
          </reporter-output>
        </test-method> <!-- runScenario -->
        <test-method is-config="true" signature="tearDownClass()[pri:0, instance:cucumber.TestNgCucumberTestRunner@6a6afff2]" started-at="2023-06-15T12:46:04 IST" name="tearDownClass" finished-at="2023-06-15T12:46:05 IST" duration-ms="55" status="PASS">
          <reporter-output>
          </reporter-output>
        </test-method> <!-- tearDownClass -->
      </class> <!-- cucumber.TestNgCucumberTestRunner -->
      <class name="errorTest">
        <test-method is-config="true" signature="launchApplication()[pri:0, instance:errorTest@2e222612]" started-at="2023-06-15T12:46:24 IST" name="launchApplication" finished-at="2023-06-15T12:46:26 IST" duration-ms="2353" status="PASS">
          <reporter-output>
          </reporter-output>
        </test-method> <!-- launchApplication -->
        <test-method signature="validateWrongproduct()[pri:0, instance:errorTest@2e222612]" started-at="2023-06-15T12:46:26 IST" name="validateWrongproduct" finished-at="2023-06-15T12:46:29 IST" duration-ms="3373" status="PASS">
          <reporter-output>
          </reporter-output>
        </test-method> <!-- validateWrongproduct -->
        <test-method is-config="true" signature="tearDown()[pri:0, instance:errorTest@2e222612]" started-at="2023-06-15T12:46:29 IST" name="tearDown" finished-at="2023-06-15T12:46:29 IST" duration-ms="215" status="PASS">
          <reporter-output>
          </reporter-output>
        </test-method> <!-- tearDown -->
      </class> <!-- errorTest -->
    </test> <!-- Command line test -->
  </suite> <!-- Command line suite -->
</testng-results>
