<?xml version="1.0" encoding="UTF-8" ?>
<testsuite tests="5" failures="0" name="TestSuite" time="28.379" errors="0" skipped="0">
  <properties>
[...]
</properties>
  <testcase classname="cucumber.TestNgCucumberTestRunner" name="runScenario" time="15.968"/>
  <testcase classname="endToEndTest" name="addToCartAndCheckout" time="4.063"/>
  <testcase classname="endToEndTest" name="addToCartAndCheckout" time="4.289"/>
  <testcase classname="endToEndTest" name="OrderHistoryTest" time="0.685"/>
  <testcase classname="errorTest" name="validateWrongproduct" time="3.374"/>
</testsuite>